
/home/runner/work/exp-viscosity-using-stokes-law-iitb/exp-viscosity-using-stokes-law-iitb/experiment/simulation/js/activity1.js
    8:14   warning  'Pannel' is not defined                                no-undef
   14:10   warning  'start_act1' is defined but never used                 no-unused-vars
   21:10   warning  'move_to_activity3' is defined but never used          no-unused-vars
   24:5    warning  'activity4' is not defined                             no-undef
   33:5    warning  'global_score' is assigned a value but never used      no-unused-vars
   34:5    warning  'a1_panel' is defined but never used                   no-unused-vars
   35:5    warning  'all_text_content' is assigned a value but never used  no-unused-vars
   36:5    warning  'canvas_box_scale' is already defined                  no-redeclare
   36:5    warning  'canvas_box_scale' is assigned a value but never used  no-unused-vars
   39:5    warning  'a1_scene' is defined but never used                   no-unused-vars
   46:5    warning  'display_score' is defined but never used              no-unused-vars
   47:5    warning  'timer1' is assigned a value but never used            no-unused-vars
   62:17   warning  'Scene' is not defined                                 no-undef
   67:27   warning  'bootstrap' is not defined                             no-undef
  105:18   warning  'Chemistry' is not defined                             no-undef
  105:42   warning  'glass_column' is not defined                          no-undef
  105:60   warning  'Chemistry' is not defined                             no-undef
  108:9    warning  'sq' is already defined                                no-redeclare
  108:18   warning  'Chemistry' is not defined                             no-undef
  108:42   warning  'steel_ball' is not defined                            no-undef
  108:58   warning  'Chemistry' is not defined                             no-undef
  111:9    warning  'sq' is already defined                                no-redeclare
  111:18   warning  'Chemistry' is not defined                             no-undef
  111:42   warning  'timer' is not defined                                 no-undef
  111:53   warning  'Chemistry' is not defined                             no-undef
  137:25   warning  'Chemistry' is not defined                             no-undef
  137:50   warning  'Chemistry' is not defined                             no-undef
  148:10   warning  'glass_column' is not defined                          no-undef
  148:24   warning  'glass_column' is not defined                          no-undef
  149:10   warning  'steel_ball' is not defined                            no-undef
  149:22   warning  'steel_ball' is not defined                            no-undef
  150:10   warning  'timer' is not defined                                 no-undef
  150:17   warning  'timer' is not defined                                 no-undef
  153:13   warning  'Chemistry' is not defined                             no-undef
  153:48   warning  'Chemistry' is not defined                             no-undef
  154:13   warning  'Chemistry' is not defined                             no-undef
  154:46   warning  'Chemistry' is not defined                             no-undef
  155:13   warning  'Chemistry' is not defined                             no-undef
  155:41   warning  'Chemistry' is not defined                             no-undef
  160:12   warning  Unexpected constant condition                          no-constant-condition
  182:49   warning  'Chemistry' is not defined                             no-undef
  185:39   warning  'bootstrap' is not defined                             no-undef
  217:30   warning  'Chemistry' is not defined                             no-undef
  217:73   warning  'Chemistry' is not defined                             no-undef
  245:13   warning  'bsOffcanvas' is already defined                       no-redeclare
  245:31   warning  'bootstrap' is not defined                             no-undef
  247:30   warning  'Chemistry' is not defined                             no-undef
  247:118  warning  'Chemistry' is not defined                             no-undef
  290:24   warning  'activity4' is not defined                             no-undef

/home/runner/work/exp-viscosity-using-stokes-law-iitb/exp-viscosity-using-stokes-law-iitb/experiment/simulation/js/activity4.js
   3:10  warning  'activity4' is defined but never used    no-unused-vars
   4:5   warning  'pp' is not defined                      no-undef
   5:5   warning  'pp' is not defined                      no-undef
   6:5   warning  'pp' is not defined                      no-undef
   8:5   warning  'pp' is not defined                      no-undef
  21:5   warning  'show_panel' is not defined              no-undef
  22:5   warning  'pp' is not defined                      no-undef
  27:22  warning  'Table' is not defined                   no-undef
  28:5   warning  'pp' is not defined                      no-undef
  31:10  warning  'verify_act4' is defined but never used  no-unused-vars
  34:10  warning  'verify_values' is not defined           no-undef
  34:59  warning  'act4_table_data' is not defined         no-undef
  38:10  warning  'verify_values' is not defined           no-undef
  38:59  warning  'act4_table_data' is not defined         no-undef
  44:22  warning  'Table' is not defined                   no-undef
  44:49  warning  'act4_table_data' is not defined         no-undef

/home/runner/work/exp-viscosity-using-stokes-law-iitb/exp-viscosity-using-stokes-law-iitb/experiment/simulation/js/activity5.js
   3:5   warning  'capillary_tube_dia' is assigned a value but never used     no-unused-vars
   4:5   warning  'capillary_tube_length' is assigned a value but never used  no-unused-vars
   5:5   warning  'density_of_liquid' is assigned a value but never used      no-unused-vars
   6:5   warning  'g' is assigned a value but never used                      no-unused-vars
   7:5   warning  'area_od_test_tank' is assigned a value but never used      no-unused-vars
   8:10  warning  'activity5' is defined but never used                       no-unused-vars
   9:5   warning  'pp' is not defined                                         no-undef
  10:5   warning  'pp' is not defined                                         no-undef
  11:5   warning  'pp' is not defined                                         no-undef
  13:5   warning  'pp' is not defined                                         no-undef
  26:5   warning  'show_panel' is not defined                                 no-undef
  27:5   warning  'pp' is not defined                                         no-undef
  32:22  warning  'Table' is not defined                                      no-undef
  33:5   warning  'pp' is not defined                                         no-undef
  36:10  warning  'verify_act5' is defined but never used                     no-unused-vars
  39:10  warning  'verify_values' is not defined                              no-undef
  39:59  warning  'act5_table_data' is not defined                            no-undef
  43:10  warning  'verify_values' is not defined                              no-undef
  43:59  warning  'act5_table_data' is not defined                            no-undef
  49:22  warning  'Table' is not defined                                      no-undef
  49:49  warning  'act5_table_data' is not defined                            no-undef

/home/runner/work/exp-viscosity-using-stokes-law-iitb/exp-viscosity-using-stokes-law-iitb/experiment/simulation/js/activity6.js
   26:11  warning  'T' is not defined                             no-undef
   27:11  warning  'X' is not defined                             no-undef
   46:5   warning  'pp' is not defined                            no-undef
   47:5   warning  'pp' is not defined                            no-undef
   54:5   warning  'pp' is not defined                            no-undef
   55:5   warning  'pp' is not defined                            no-undef
   56:5   warning  'pp' is not defined                            no-undef
   58:5   warning  'pp' is not defined                            no-undef
   59:5   warning  'pp' is not defined                            no-undef
   62:10  warning  'complete_tab1' is defined but never used      no-unused-vars
   67:5   warning  'pp' is not defined                            no-undef
   69:25  warning  'T' is not defined                             no-undef
   87:15  warning  'T' is not defined                             no-undef
   88:15  warning  'X' is not defined                             no-undef
   89:15  warning  'X1' is not defined                            no-undef
   90:15  warning  'X2' is not defined                            no-undef
   97:25  warning  'Y' is not defined                             no-undef
   98:18  warning  'Y' is not defined                             no-undef
   99:19  warning  'X1' is not defined                            no-undef
  100:19  warning  'X2' is not defined                            no-undef
  132:5   warning  'pp' is not defined                            no-undef
  133:5   warning  'pp' is not defined                            no-undef
  135:10  warning  'act6_verify_tab1' is defined but never used   no-unused-vars
  139:10  warning  'verify_values' is not defined                 no-undef
  139:48  warning  'Y' is not defined                             no-undef
  143:10  warning  'verify_values' is not defined                 no-undef
  143:48  warning  'X1' is not defined                            no-undef
  147:10  warning  'verify_values' is not defined                 no-undef
  147:48  warning  'X2' is not defined                            no-undef
  152:5   warning  'pp' is not defined                            no-undef
  153:5   warning  'pp' is not defined                            no-undef
  156:10  warning  'verify_summations' is defined but never used  no-unused-vars
  162:10  warning  'verify_values' is not defined                 no-undef
  166:10  warning  'verify_values' is not defined                 no-undef
  170:10  warning  'verify_values' is not defined                 no-undef
  184:15  warning  'regression_linear_2variable' is not defined   no-undef
  184:43  warning  'X1' is not defined                            no-undef
  184:47  warning  'X2' is not defined                            no-undef
  184:51  warning  'Y' is not defined                             no-undef
  196:5   warning  'pp' is not defined                            no-undef
  197:5   warning  'pp' is not defined                            no-undef

/home/runner/work/exp-viscosity-using-stokes-law-iitb/exp-viscosity-using-stokes-law-iitb/experiment/simulation/js/common.js
    1:10  warning  'verify_values' is defined but never used           no-unused-vars
   18:10  warning  'std_deviation' is defined but never used           no-unused-vars
   23:10  warning  'regression_linear' is defined but never used       no-unused-vars
   40:10  warning  'ascending_random_array' is defined but never used  no-unused-vars
   42:12  warning  Unexpected constant condition                       no-constant-condition
  135:10  warning  'show_panel' is defined but never used              no-unused-vars
  137:31  warning  'bootstrap' is not defined                          no-undef
  144:10  warning  'hide_panel' is defined but never used              no-unused-vars

/home/runner/work/exp-viscosity-using-stokes-law-iitb/exp-viscosity-using-stokes-law-iitb/experiment/simulation/js/data.js
   1:5  warning  'act5_table_data' is assigned a value but never used  no-unused-vars
   7:5  warning  'act4_table_data' is assigned a value but never used  no-unused-vars
  12:5  warning  'main_table_data' is assigned a value but never used  no-unused-vars

/home/runner/work/exp-viscosity-using-stokes-law-iitb/exp-viscosity-using-stokes-law-iitb/experiment/simulation/js/dummy.js
  2:14  warning  'Pannel' is not defined  no-undef

/home/runner/work/exp-viscosity-using-stokes-law-iitb/exp-viscosity-using-stokes-law-iitb/experiment/simulation/js/geomerty.js
   33:49   warning  'lscale' is not defined          no-undef
   34:49   warning  'lscale' is not defined          no-undef
   46:23   warning  'pt1' is defined but never used  no-unused-vars
   46:28   warning  'pt2' is defined but never used  no-unused-vars
   46:33   warning  'pt3' is defined but never used  no-unused-vars
   50:24   warning  'geo' is defined but never used  no-unused-vars
   69:44   warning  'lscale' is not defined          no-undef
   69:66   warning  'lscale' is not defined          no-undef
   69:88   warning  'lscale' is not defined          no-undef
   82:48   warning  'lscale' is not defined          no-undef
   83:48   warning  'lscale' is not defined          no-undef
  108:47   warning  'lscale' is not defined          no-undef
  108:69   warning  'lscale' is not defined          no-undef
  109:60   warning  'lscale' is not defined          no-undef
  109:95   warning  'lscale' is not defined          no-undef
  131:39   warning  'lscale' is not defined          no-undef
  131:57   warning  'lscale' is not defined          no-undef
  132:39   warning  'lscale' is not defined          no-undef
  132:57   warning  'lscale' is not defined          no-undef
  181:39   warning  'lscale' is not defined          no-undef
  181:57   warning  'lscale' is not defined          no-undef
  182:39   warning  'lscale' is not defined          no-undef
  182:57   warning  'lscale' is not defined          no-undef
  225:33   warning  'lscale' is not defined          no-undef
  226:33   warning  'lscale' is not defined          no-undef
  274:50   warning  'lscale' is not defined          no-undef
  274:72   warning  'lscale' is not defined          no-undef
  279:61   warning  'lscale' is not defined          no-undef
  279:84   warning  'lscale' is not defined          no-undef
  279:102  warning  'lscale' is not defined          no-undef
  279:120  warning  'lscale' is not defined          no-undef
  293:33   warning  'lscale' is not defined          no-undef
  294:33   warning  'lscale' is not defined          no-undef
  295:41   warning  'lscale' is not defined          no-undef
  295:64   warning  'lscale' is not defined          no-undef
  295:98   warning  'lscale' is not defined          no-undef
  295:121  warning  'lscale' is not defined          no-undef
  296:45   warning  'lscale' is not defined          no-undef
  296:68   warning  'lscale' is not defined          no-undef
  296:102  warning  'lscale' is not defined          no-undef
  296:125  warning  'lscale' is not defined          no-undef
  323:61   warning  'lscale' is not defined          no-undef
  323:90   warning  'lscale' is not defined          no-undef
  324:61   warning  'lscale' is not defined          no-undef
  324:96   warning  'lscale' is not defined          no-undef
  325:66   warning  'lscale' is not defined          no-undef
  325:101  warning  'lscale' is not defined          no-undef
  326:66   warning  'lscale' is not defined          no-undef
  326:100  warning  'lscale' is not defined          no-undef
  327:67   warning  'lscale' is not defined          no-undef
  327:101  warning  'lscale' is not defined          no-undef
  328:67   warning  'lscale' is not defined          no-undef
  328:96   warning  'lscale' is not defined          no-undef
  329:61   warning  'lscale' is not defined          no-undef
  329:90   warning  'lscale' is not defined          no-undef
  346:33   warning  'lscale' is not defined          no-undef
  347:33   warning  'lscale' is not defined          no-undef
  376:46   warning  'lscale' is not defined          no-undef
  382:50   warning  'lscale' is not defined          no-undef
  382:72   warning  'lscale' is not defined          no-undef
  411:52   warning  'lscale' is not defined          no-undef
  411:79   warning  'lscale' is not defined          no-undef
  413:56   warning  'lscale' is not defined          no-undef
  413:83   warning  'lscale' is not defined          no-undef
  450:50   warning  'lscale' is not defined          no-undef
  450:72   warning  'lscale' is not defined          no-undef
  456:61   warning  'lscale' is not defined          no-undef
  456:84   warning  'lscale' is not defined          no-undef
  456:102  warning  'lscale' is not defined          no-undef
  456:120  warning  'lscale' is not defined          no-undef
  470:33   warning  'lscale' is not defined          no-undef
  471:33   warning  'lscale' is not defined          no-undef
  472:41   warning  'lscale' is not defined          no-undef
  472:64   warning  'lscale' is not defined          no-undef
  472:98   warning  'lscale' is not defined          no-undef
  472:121  warning  'lscale' is not defined          no-undef
  473:45   warning  'lscale' is not defined          no-undef
  473:68   warning  'lscale' is not defined          no-undef
  473:102  warning  'lscale' is not defined          no-undef
  473:125  warning  'lscale' is not defined          no-undef
  502:50   warning  'lscale' is not defined          no-undef
  502:72   warning  'lscale' is not defined          no-undef
  507:139  warning  'lscale' is not defined          no-undef
  507:172  warning  'lscale' is not defined          no-undef
  507:205  warning  'lscale' is not defined          no-undef
  507:225  warning  'lscale' is not defined          no-undef
  528:50   warning  'lscale' is not defined          no-undef
  528:72   warning  'lscale' is not defined          no-undef
  533:139  warning  'lscale' is not defined          no-undef
  533:172  warning  'lscale' is not defined          no-undef
  533:205  warning  'lscale' is not defined          no-undef
  533:225  warning  'lscale' is not defined          no-undef
  555:50   warning  'lscale' is not defined          no-undef
  555:72   warning  'lscale' is not defined          no-undef
  560:133  warning  'lscale' is not defined          no-undef
  560:172  warning  'lscale' is not defined          no-undef
  560:205  warning  'lscale' is not defined          no-undef
  560:224  warning  'lscale' is not defined          no-undef
  584:39   warning  'lscale' is not defined          no-undef
  584:53   warning  'lscale' is not defined          no-undef
  585:39   warning  'lscale' is not defined          no-undef
  585:53   warning  'lscale' is not defined          no-undef
  586:39   warning  'lscale' is not defined          no-undef
  586:53   warning  'lscale' is not defined          no-undef
  587:39   warning  'lscale' is not defined          no-undef
  587:53   warning  'lscale' is not defined          no-undef
  594:36   warning  'lscale' is not defined          no-undef
  594:50   warning  'lscale' is not defined          no-undef
  594:63   warning  'lscale' is not defined          no-undef
  605:36   warning  'lscale' is not defined          no-undef
  605:50   warning  'lscale' is not defined          no-undef
  605:63   warning  'lscale' is not defined          no-undef
  632:46   warning  'lscale' is not defined          no-undef
  637:50   warning  'lscale' is not defined          no-undef
  637:72   warning  'lscale' is not defined          no-undef
  659:50   warning  'lscale' is not defined          no-undef
  659:72   warning  'lscale' is not defined          no-undef
  663:46   warning  'lscale' is not defined          no-undef
  664:46   warning  'lscale' is not defined          no-undef
  664:67   warning  'lscale' is not defined          no-undef
  665:49   warning  'lscale' is not defined          no-undef
  702:50   warning  'lscale' is not defined          no-undef
  702:72   warning  'lscale' is not defined          no-undef
  718:38   warning  'lscale' is not defined          no-undef
  718:51   warning  'lscale' is not defined          no-undef
  720:38   warning  'lscale' is not defined          no-undef
  722:38   warning  'lscale' is not defined          no-undef
  722:52   warning  'lscale' is not defined          no-undef

/home/runner/work/exp-viscosity-using-stokes-law-iitb/exp-viscosity-using-stokes-law-iitb/experiment/simulation/js/pannel.js
   8:7  warning  'Pannel' is defined but never used  no-unused-vars
  76:7  warning  'Table' is defined but never used   no-unused-vars

/home/runner/work/exp-viscosity-using-stokes-law-iitb/exp-viscosity-using-stokes-law-iitb/experiment/simulation/js/scene.js
   1:7    warning  'Scene' is defined but never used         no-unused-vars
  11:9    warning  'context' is not defined                  no-undef
  11:33   warning  'canvas' is not defined                   no-undef
  11:47   warning  'canvas' is not defined                   no-undef
  27:5    warning  'context' is not defined                  no-undef
  28:9    warning  'grd' is assigned a value but never used  no-unused-vars
  28:15   warning  'context' is not defined                  no-undef
  28:44   warning  'canvas' is not defined                   no-undef
  28:62   warning  'canvas' is not defined                   no-undef
  28:84   warning  'canvas' is not defined                   no-undef
  28:102  warning  'canvas' is not defined                   no-undef
  28:121  warning  'canvas' is not defined                   no-undef
  36:5    warning  'context' is not defined                  no-undef
  37:5    warning  'context' is not defined                  no-undef
  37:28   warning  'canvas' is not defined                   no-undef
  37:42   warning  'canvas' is not defined                   no-undef
  38:5    warning  'context' is not defined                  no-undef
  39:5    warning  'context' is not defined                  no-undef

/home/runner/work/exp-viscosity-using-stokes-law-iitb/exp-viscosity-using-stokes-law-iitb/experiment/simulation/js/test.js
  2:14  warning  'Pannel' is not defined                     no-undef
  4:5   warning  'table' is assigned a value but never used  no-unused-vars

✖ 289 problems (0 errors, 289 warnings)

